    System.ComponentModel.Composition Information: 6 : The ComposablePartDefinition 'ProjectMercury.ContentPipeline.ParticleEffectSerializer' was ignored because it contains no exports.
    System.ComponentModel.Composition Information: 5 : The ComposablePartDefinition 'ProjectMercury.ContentPipeline.Emitters.AbstractEmitterSerializer`1' was ignored because it is an open generic type.
    System.ComponentModel.Composition Information: 6 : The ComposablePartDefinition 'ProjectMercury.ContentPipeline.Emitters.EmitterSerializer' was ignored because it contains no exports.
    System.ComponentModel.Composition Information: 6 : The ComposablePartDefinition 'ProjectMercury.ContentPipeline.Emitters.MaskEmitterSerializer' was ignored because it contains no exports.
    System.ComponentModel.Composition Information: 6 : The ComposablePartDefinition 'ProjectMercury.EffectEditor.DefaultPluginLibrary.Icons' was ignored because it contains no exports.
    System.ComponentModel.Composition Information: 6 : The ComposablePartDefinition '<PrivateImplementationDetails>{DFF8D489-81A3-41BF-90BB-E12D2848796A}' was ignored because it contains no exports.
    System.ComponentModel.Composition Information: 6 : The ComposablePartDefinition 'ProjectMercury.EffectEditor.TextureReferenceBrowser' was ignored because it contains no exports.
    System.ComponentModel.Composition Information: 6 : The ComposablePartDefinition 'ProjectMercury.EffectEditor.CoreOperationEventArgs' was ignored because it contains no exports.
    System.ComponentModel.Composition Information: 6 : The ComposablePartDefinition 'ProjectMercury.EffectEditor.NewEmitterEventArgs' was ignored because it contains no exports.
    System.ComponentModel.Composition Information: 6 : The ComposablePartDefinition 'ProjectMercury.EffectEditor.IO.FileInfoExtensions' was ignored because it contains no exports.
    System.ComponentModel.Composition Information: 6 : The ComposablePartDefinition 'ProjectMercury.EffectEditor.Properties.Settings' was ignored because it contains no exports.
    System.ComponentModel.Composition Information: 6 : The ComposablePartDefinition 'ProjectMercury.EffectEditor.NewEmitterDialog' was ignored because it contains no exports.
    System.ComponentModel.Composition Information: 6 : The ComposablePartDefinition 'ProjectMercury.EffectEditor.CoreOperationResult' was ignored because it contains no exports.
    System.ComponentModel.Composition Information: 6 : The ComposablePartDefinition 'ProjectMercury.EffectEditor.TraceIndenter' was ignored because it contains no exports.
    System.ComponentModel.Composition Information: 6 : The ComposablePartDefinition 'ProjectMercury.EffectEditor.OptionsWindow' was ignored because it contains no exports.
    System.ComponentModel.Composition Information: 6 : The ComposablePartDefinition 'ProjectMercury.EffectEditor.Controllers.EditorSupportController' was ignored because it contains no exports.
    System.ComponentModel.Composition Information: 6 : The ComposablePartDefinition 'ProjectMercury.EffectEditor.CloneModifierEventArgs' was ignored because it contains no exports.
    System.ComponentModel.Composition Information: 6 : The ComposablePartDefinition 'ProjectMercury.EffectEditor.IInterfaceProvider' was ignored because it contains no exports.
    System.ComponentModel.Composition Information: 6 : The ComposablePartDefinition 'ProjectMercury.EffectEditor.EmitterEventArgs' was ignored because it contains no exports.
    System.ComponentModel.Composition Information: 6 : The ComposablePartDefinition 'ProjectMercury.EffectEditor.TextureReferenceChangedEventArgs' was ignored because it contains no exports.
    System.ComponentModel.Composition Information: 6 : The ComposablePartDefinition 'ProjectMercury.EffectEditor.ModifierEventArgs' was ignored because it contains no exports.
    System.ComponentModel.Composition Information: 6 : The ComposablePartDefinition 'ProjectMercury.EffectEditor.ImageOptions' was ignored because it contains no exports.
    System.ComponentModel.Composition Information: 6 : The ComposablePartDefinition 'ProjectMercury.EffectEditor.GraphicsDeviceControl' was ignored because it contains no exports.
    System.ComponentModel.Composition Information: 6 : The ComposablePartDefinition 'ProjectMercury.EffectEditor.ParticleEffectPreviewControl' was ignored because it contains no exports.
    System.ComponentModel.Composition Information: 6 : The ComposablePartDefinition 'ProjectMercury.EffectEditor.TreeNodes.EmitterTreeNode' was ignored because it contains no exports.
    System.ComponentModel.Composition Information: 6 : The ComposablePartDefinition 'ProjectMercury.EffectEditor.Core' was ignored because it contains no exports.
    System.ComponentModel.Composition Information: 6 : The ComposablePartDefinition 'ProjectMercury.EffectEditor.CloneEmitterEventArgs' was ignored because it contains no exports.
    System.ComponentModel.Composition Information: 6 : The ComposablePartDefinition 'ProjectMercury.EffectEditor.TreeNodes.ModifierTreeNode' was ignored because it contains no exports.
    System.ComponentModel.Composition Information: 6 : The ComposablePartDefinition 'ProjectMercury.EffectEditor.HourglassCursor' was ignored because it contains no exports.
    System.ComponentModel.Composition Information: 6 : The ComposablePartDefinition 'ProjectMercury.EffectEditor.GraphicsDeviceService' was ignored because it contains no exports.
    System.ComponentModel.Composition Information: 6 : The ComposablePartDefinition 'ProjectMercury.EffectEditor.AboutWindow' was ignored because it contains no exports.
    System.ComponentModel.Composition Information: 6 : The ComposablePartDefinition 'ProjectMercury.EffectEditor.IO.DirectoryInfoExtensions' was ignored because it contains no exports.
    System.ComponentModel.Composition Information: 6 : The ComposablePartDefinition 'ProjectMercury.EffectEditor.SerializeEventHandler' was ignored because it contains no exports.
    System.ComponentModel.Composition Information: 6 : The ComposablePartDefinition 'ProjectMercury.EffectEditor.NewEmitterEventHandler' was ignored because it contains no exports.
    System.ComponentModel.Composition Information: 6 : The ComposablePartDefinition 'ProjectMercury.EffectEditor.CloneEmitterEventHandler' was ignored because it contains no exports.
    System.ComponentModel.Composition Information: 6 : The ComposablePartDefinition 'ProjectMercury.EffectEditor.EmitterEventHandler' was ignored because it contains no exports.
    System.ComponentModel.Composition Information: 6 : The ComposablePartDefinition 'ProjectMercury.EffectEditor.NewModifierEventHandler' was ignored because it contains no exports.
    System.ComponentModel.Composition Information: 6 : The ComposablePartDefinition 'ProjectMercury.EffectEditor.CloneModifierEventHandler' was ignored because it contains no exports.
    System.ComponentModel.Composition Information: 6 : The ComposablePartDefinition 'ProjectMercury.EffectEditor.ModifierEventHandler' was ignored because it contains no exports.
    System.ComponentModel.Composition Information: 6 : The ComposablePartDefinition 'ProjectMercury.EffectEditor.EmitterReinitialisedEventHandler' was ignored because it contains no exports.
    System.ComponentModel.Composition Information: 6 : The ComposablePartDefinition 'ProjectMercury.EffectEditor.NewTextureReferenceEventHandler' was ignored because it contains no exports.
    System.ComponentModel.Composition Information: 6 : The ComposablePartDefinition 'ProjectMercury.EffectEditor.TextureReferenceChangedEventHandler' was ignored because it contains no exports.
    System.ComponentModel.Composition Information: 6 : The ComposablePartDefinition 'ProjectMercury.EffectEditor.TreeNodes.ParticleEffectTreeNode' was ignored because it contains no exports.
    System.ComponentModel.Composition Information: 6 : The ComposablePartDefinition 'ProjectMercury.EffectEditor.Program' was ignored because it contains no exports.
    System.ComponentModel.Composition Information: 6 : The ComposablePartDefinition 'ProjectMercury.EffectEditor.Properties.Resources' was ignored because it contains no exports.
    System.ComponentModel.Composition Information: 6 : The ComposablePartDefinition 'ProjectMercury.EffectEditor.TextureReference' was ignored because it contains no exports.
    System.ComponentModel.Composition Information: 6 : The ComposablePartDefinition 'ProjectMercury.EffectEditor.NewModifierEventArgs' was ignored because it contains no exports.
    System.ComponentModel.Composition Information: 6 : The ComposablePartDefinition 'ProjectMercury.EffectEditor.NewTextureReferenceEventArgs' was ignored because it contains no exports.
    System.ComponentModel.Composition Information: 6 : The ComposablePartDefinition 'ProjectMercury.EffectEditor.EmitterReinitialisedEventArgs' was ignored because it contains no exports.
    System.ComponentModel.Composition Information: 6 : The ComposablePartDefinition 'ProjectMercury.EffectEditor.ServiceContainer' was ignored because it contains no exports.
    System.ComponentModel.Composition Information: 6 : The ComposablePartDefinition 'ProjectMercury.EffectEditor.SerializeEventArgs' was ignored because it contains no exports.
