APP: Mercury Particle Engine EffectEditor
    Date: 12/3/2010 12:48:30 PM
    Version: 1.0.0.0
    Culture: en-US
    Path: C:\Users\Jeff\Projects\TeamQ\Tools\Mercury Particle Editor
CORE: Program core initialising...
CORE: Composing IOC container...
CORE: Found plugin assemblies...
    Assembly: C:\USERS\JEFF\PROJECTS\TEAMQ\TOOLS\MERCURY PARTICLE EDITOR\PLUGINS\PROJECTMERCURY.CONTENTPIPELINE.DLL
    Assembly: C:\USERS\JEFF\PROJECTS\TEAMQ\TOOLS\MERCURY PARTICLE EDITOR\PLUGINS\PROJECTMERCURY.EFFECTEDITOR.DEFAULTPLUGINLIBRARY.DLL
CORE: Found exported parts...
    Part:ProjectMercury.EffectEditor.DefaultPluginLibrary.Modifiers.RadialForceModifierPlugin
        Implementing: ProjectMercury.EffectEditor.PluginInterfaces.IModifierPlugin
    Part:ProjectMercury.EffectEditor.DefaultPluginLibrary.ModifierPlugins.HueShiftModifierPlugin
        Implementing: ProjectMercury.EffectEditor.PluginInterfaces.IModifierPlugin
    Part:ProjectMercury.EffectEditor.DefaultPluginLibrary.Emitterplugins.CircleEmitterPlugin
        Implementing: ProjectMercury.EffectEditor.PluginInterfaces.IEmitterPlugin
    Part:ProjectMercury.EffectEditor.DefaultPluginLibrary.ModifierPlugins.SineForceModifierPlugin
        Implementing: ProjectMercury.EffectEditor.PluginInterfaces.IModifierPlugin
    Part:ProjectMercury.EffectEditor.DefaultPluginLibrary.ModifierPlugins.ScaleModifierPlugin
        Implementing: ProjectMercury.EffectEditor.PluginInterfaces.IModifierPlugin
    Part:ProjectMercury.EffectEditor.DefaultPluginLibrary.ModifierPlugins.RotationRateModifierPlugin
        Implementing: ProjectMercury.EffectEditor.PluginInterfaces.IModifierPlugin
    Part:ProjectMercury.EffectEditor.DefaultPluginLibrary.Emitterplugins.RectEmitterPlugin
        Implementing: ProjectMercury.EffectEditor.PluginInterfaces.IEmitterPlugin
    Part:ProjectMercury.EffectEditor.DefaultPluginLibrary.ModifierPlugins.ColourMergeModifierPlugin
        Implementing: ProjectMercury.EffectEditor.PluginInterfaces.IModifierPlugin
    Part:ProjectMercury.EffectEditor.DefaultPluginLibrary.ModifierPlugins.ColourInterpolatorPlugin
        Implementing: ProjectMercury.EffectEditor.PluginInterfaces.IModifierPlugin
    Part:ProjectMercury.EffectEditor.DefaultPluginLibrary.SerializationPlugins.DefaultEffectSerializationPlugin
        Implementing: ProjectMercury.EffectEditor.PluginInterfaces.IEffectSerializationPlugin
    Part:ProjectMercury.EffectEditor.DefaultPluginLibrary.ModifierPlugins.RotationModifierPlugin
        Implementing: ProjectMercury.EffectEditor.PluginInterfaces.IModifierPlugin
    Part:ProjectMercury.EffectEditor.DefaultPluginLibrary.SerializationPlugins.Mercury3FormatImporter
        Implementing: ProjectMercury.EffectEditor.PluginInterfaces.IEffectSerializationPlugin
    Part:ProjectMercury.EffectEditor.DefaultPluginLibrary.ModifierPlugins.VelocityClampModifierPlugin
        Implementing: ProjectMercury.EffectEditor.PluginInterfaces.IModifierPlugin
    Part:ProjectMercury.EffectEditor.DefaultPluginLibrary.ModifierPlugins.TrajectoryRotationModifierPlugin
        Implementing: ProjectMercury.EffectEditor.PluginInterfaces.IModifierPlugin
    Part:ProjectMercury.EffectEditor.DefaultPluginLibrary.ModifierPlugins.OpacityOscillatorPlugin
        Implementing: ProjectMercury.EffectEditor.PluginInterfaces.IModifierPlugin
    Part:ProjectMercury.EffectEditor.DefaultPluginLibrary.ModifierPlugins.ForceInterpolatorModifierPlugin
        Implementing: ProjectMercury.EffectEditor.PluginInterfaces.IModifierPlugin
    Part:ProjectMercury.EffectEditor.DefaultPluginLibrary.ModifierPlugins.DampingModifierPlugin
        Implementing: ProjectMercury.EffectEditor.PluginInterfaces.IModifierPlugin
    Part:ProjectMercury.EffectEditor.DefaultPluginLibrary.ModifierPlugins.OpacityInterpolatorPlugin
        Implementing: ProjectMercury.EffectEditor.PluginInterfaces.IModifierPlugin
    Part:ProjectMercury.EffectEditor.DefaultPluginLibrary.ModifierPlugins.ColourModifierPlugin
        Implementing: ProjectMercury.EffectEditor.PluginInterfaces.IModifierPlugin
    Part:ProjectMercury.EffectEditor.DefaultPluginLibrary.Emitterplugins.EmitterPlugin
        Implementing: ProjectMercury.EffectEditor.PluginInterfaces.IEmitterPlugin
    Part:ProjectMercury.EffectEditor.DefaultPluginLibrary.ModifierPlugins.ScaleMergeModifierPlugin
        Implementing: ProjectMercury.EffectEditor.PluginInterfaces.IModifierPlugin
    Part:ProjectMercury.EffectEditor.DefaultPluginLibrary.Modifiers.RectangleForceModifierPlugin
        Implementing: ProjectMercury.EffectEditor.PluginInterfaces.IModifierPlugin
    Part:ProjectMercury.EffectEditor.DefaultPluginLibrary.ModifierPlugins.ScaleInterpolatorPlugin
        Implementing: ProjectMercury.EffectEditor.PluginInterfaces.IModifierPlugin
    Part:ProjectMercury.EffectEditor.DefaultPluginLibrary.ModifierPlugins.OpacityFastFadeModifierPlugin
        Implementing: ProjectMercury.EffectEditor.PluginInterfaces.IModifierPlugin
    Part:ProjectMercury.EffectEditor.DefaultPluginLibrary.ModifierPlugins.RectangleConstraintDeflectorPlugin
        Implementing: ProjectMercury.EffectEditor.PluginInterfaces.IModifierPlugin
    Part:ProjectMercury.EffectEditor.DefaultPluginLibrary.ModifierPlugins.ScaleOscillatorPlugin
        Implementing: ProjectMercury.EffectEditor.PluginInterfaces.IModifierPlugin
    Part:ProjectMercury.EffectEditor.DefaultPluginLibrary.Emitterplugins.ConeEmitterPlugin
        Implementing: ProjectMercury.EffectEditor.PluginInterfaces.IEmitterPlugin
    Part:ProjectMercury.EffectEditor.DefaultPluginLibrary.Emitterplugins.MaskEmitterPlugin
        Implementing: ProjectMercury.EffectEditor.PluginInterfaces.IEmitterPlugin
    Part:ProjectMercury.EffectEditor.DefaultPluginLibrary.ModifierPlugins.OpacityModifierPlugin
        Implementing: ProjectMercury.EffectEditor.PluginInterfaces.IModifierPlugin
    Part:ProjectMercury.EffectEditor.DefaultPluginLibrary.ModifierPlugins.LinearGravityModifierPlugin
        Implementing: ProjectMercury.EffectEditor.PluginInterfaces.IModifierPlugin
    Part:ProjectMercury.EffectEditor.DefaultPluginLibrary.Emitterplugins.PolygonEmitterPlugin
        Implementing: ProjectMercury.EffectEditor.PluginInterfaces.IEmitterPlugin
    Part:ProjectMercury.EffectEditor.DefaultPluginLibrary.ModifierPlugins.RadialGravityModifierPlugin
        Implementing: ProjectMercury.EffectEditor.PluginInterfaces.IModifierPlugin
    Part:ProjectMercury.EffectEditor.DefaultPluginLibrary.Emitterplugins.LineEmitterPlugin
        Implementing: ProjectMercury.EffectEditor.PluginInterfaces.IEmitterPlugin
CORE: Found 7 emitter plugins...
    Plugin: Circle Emitter
    Plugin: Rect Emitter
    Plugin: Basic Emitter
    Plugin: Cone Emitter
    Plugin: Mask Emitter
    Plugin: Polygon Emitter
    Plugin: Line Emitter
CORE: Found 24 modifier plugins...
    Plugin: Radial Force Modifier
    Plugin: Hue Shift Modifier
    Plugin: Sine Force Modifier
    Plugin: Scale Modifier
    Plugin: Rotation Rate Modifier
    Plugin: Colour Merge Modifier
    Plugin: Colour Interpolator
    Plugin: Rotation Modifier
    Plugin: Velocity Clamp Modifier
    Plugin: Trajectory Rotation Modifier
    Plugin: Opacity Oscillator
    Plugin: Force Interpolator
    Plugin: Damping Modifier
    Plugin: Opacity Interpolator
    Plugin: Colour Modifier
    Plugin: Scale Merge Modifier
    Plugin: Rectangle Force Modifier
    Plugin: Scale Interpolator
    Plugin: Opacity Fast Fader
    Plugin: Rectangle Constraint Deflector
    Plugin: Scale Oscillator
    Plugin: Opacity Modifier
    Plugin: Linear Gravity Modifier
    Plugin: Radial Gravity Modifier
CORE: Found 2 serialization plugins...
    Plugin: Default Effect Serializer
    Plugin: Mercury 3 Format Importer
CORE: InterfaceProvider loaded: ProjectMercury.EffectEditor.UserInterface, ProjectMercury.EffectEditor, Version=1.0.0.0, Culture=neutral, PublicKeyToken=null
UI: UserInterface reporting ready...
CORE: User interface ready...
CORE: Instantiating particle renderer...
CORE: Loading default particle texture...
CORE: Instantiating default particle effect...
CORE: Loading default texture references...
    File: C:\Users\Jeff\Projects\TeamQ\Tools\Mercury Particle Editor\Textures\Beam.png
    File: C:\Users\Jeff\Projects\TeamQ\Tools\Mercury Particle Editor\Textures\BeamBlurred.png
    File: C:\Users\Jeff\Projects\TeamQ\Tools\Mercury Particle Editor\Textures\Cloud001.png
    File: C:\Users\Jeff\Projects\TeamQ\Tools\Mercury Particle Editor\Textures\Cloud002.png
    File: C:\Users\Jeff\Projects\TeamQ\Tools\Mercury Particle Editor\Textures\Cloud003.png
    File: C:\Users\Jeff\Projects\TeamQ\Tools\Mercury Particle Editor\Textures\Cloud004.png
    File: C:\Users\Jeff\Projects\TeamQ\Tools\Mercury Particle Editor\Textures\Flame.png
    File: C:\Users\Jeff\Projects\TeamQ\Tools\Mercury Particle Editor\Textures\FlowerBurst.png
    File: C:\Users\Jeff\Projects\TeamQ\Tools\Mercury Particle Editor\Textures\Laser.png
    File: C:\Users\Jeff\Projects\TeamQ\Tools\Mercury Particle Editor\Textures\LensFlare.png
    File: C:\Users\Jeff\Projects\TeamQ\Tools\Mercury Particle Editor\Textures\MultiDot.png
    File: C:\Users\Jeff\Projects\TeamQ\Tools\Mercury Particle Editor\Textures\Particle001.png
    File: C:\Users\Jeff\Projects\TeamQ\Tools\Mercury Particle Editor\Textures\Particle002.png
    File: C:\Users\Jeff\Projects\TeamQ\Tools\Mercury Particle Editor\Textures\Particle003.png
    File: C:\Users\Jeff\Projects\TeamQ\Tools\Mercury Particle Editor\Textures\Particle004.png
    File: C:\Users\Jeff\Projects\TeamQ\Tools\Mercury Particle Editor\Textures\Particle005.png
    File: C:\Users\Jeff\Projects\TeamQ\Tools\Mercury Particle Editor\Textures\Particle006.png
    File: C:\Users\Jeff\Projects\TeamQ\Tools\Mercury Particle Editor\Textures\Particle007.png
    File: C:\Users\Jeff\Projects\TeamQ\Tools\Mercury Particle Editor\Textures\Ring001.png
    File: C:\Users\Jeff\Projects\TeamQ\Tools\Mercury Particle Editor\Textures\Ring002.png
    File: C:\Users\Jeff\Projects\TeamQ\Tools\Mercury Particle Editor\Textures\SoftClumpy.png
    File: C:\Users\Jeff\Projects\TeamQ\Tools\Mercury Particle Editor\Textures\SoftSmokey.png
    File: C:\Users\Jeff\Projects\TeamQ\Tools\Mercury Particle Editor\Textures\Spikey001.png
    File: C:\Users\Jeff\Projects\TeamQ\Tools\Mercury Particle Editor\Textures\Spikey002.png
    File: C:\Users\Jeff\Projects\TeamQ\Tools\Mercury Particle Editor\Textures\Splash.png
    File: C:\Users\Jeff\Projects\TeamQ\Tools\Mercury Particle Editor\Textures\Spray001.png
    File: C:\Users\Jeff\Projects\TeamQ\Tools\Mercury Particle Editor\Textures\Star.png
    File: C:\Users\Jeff\Projects\TeamQ\Tools\Mercury Particle Editor\Textures\Water001.png
    File: C:\Users\Jeff\Projects\TeamQ\Tools\Mercury Particle Editor\Textures\Water002.png
    File: C:\Users\Jeff\Projects\TeamQ\Tools\Mercury Particle Editor\Textures\Weeds.png
UI: Adding menu item for 'Basic Emitter' plugin...
UI: Adding menu item for 'Circle Emitter' plugin...
UI: Adding menu item for 'Cone Emitter' plugin...
UI: Adding menu item for 'Line Emitter' plugin...
UI: Adding menu item for 'Mask Emitter' plugin...
UI: Adding menu item for 'Polygon Emitter' plugin...
UI: Adding menu item for 'Rect Emitter' plugin...
UI: Adding menu item for 'Colour Interpolator' plugin...
UI: Adding menu item for 'Colour Merge Modifier' plugin...
UI: Adding menu item for 'Colour Modifier' plugin...
UI: Adding menu item for 'Damping Modifier' plugin...
UI: Adding menu item for 'Force Interpolator' plugin...
UI: Adding menu item for 'Hue Shift Modifier' plugin...
UI: Adding menu item for 'Linear Gravity Modifier' plugin...
UI: Adding menu item for 'Opacity Fast Fader' plugin...
UI: Adding menu item for 'Opacity Interpolator' plugin...
UI: Adding menu item for 'Opacity Modifier' plugin...
UI: Adding menu item for 'Opacity Oscillator' plugin...
UI: Adding menu item for 'Radial Force Modifier' plugin...
UI: Adding menu item for 'Radial Gravity Modifier' plugin...
UI: Adding menu item for 'Rectangle Constraint Deflector' plugin...
UI: Adding menu item for 'Rectangle Force Modifier' plugin...
UI: Adding menu item for 'Rotation Modifier' plugin...
UI: Adding menu item for 'Rotation Rate Modifier' plugin...
UI: Adding menu item for 'Scale Interpolator' plugin...
UI: Adding menu item for 'Scale Merge Modifier' plugin...
UI: Adding menu item for 'Scale Modifier' plugin...
UI: Adding menu item for 'Scale Oscillator' plugin...
UI: Adding menu item for 'Sine Force Modifier' plugin...
UI: Adding menu item for 'Trajectory Rotation Modifier' plugin...
UI: Adding menu item for 'Velocity Clamp Modifier' plugin...
UI: Adding menu item for 'Mercury 3 Format Importer' plugin...
UI: Adding menu item for 'Default Effect Serializer' plugin...
UI: Searching for library particle effects...
    File: C:\Users\Jeff\Projects\TeamQ\Tools\Mercury Particle Editor\EffectLibrary\BasicExplosion.xml
    File: C:\Users\Jeff\Projects\TeamQ\Tools\Mercury Particle Editor\EffectLibrary\BasicFireball.xml
    File: C:\Users\Jeff\Projects\TeamQ\Tools\Mercury Particle Editor\EffectLibrary\BasicSmokePlume.xml
    File: C:\Users\Jeff\Projects\TeamQ\Tools\Mercury Particle Editor\EffectLibrary\BeamMeUp.xml
    File: C:\Users\Jeff\Projects\TeamQ\Tools\Mercury Particle Editor\EffectLibrary\CampFire.xml
    File: C:\Users\Jeff\Projects\TeamQ\Tools\Mercury Particle Editor\EffectLibrary\FlowerBloom.xml
    File: C:\Users\Jeff\Projects\TeamQ\Tools\Mercury Particle Editor\EffectLibrary\MagicTrail.xml
    File: C:\Users\Jeff\Projects\TeamQ\Tools\Mercury Particle Editor\EffectLibrary\Paparazzi.xml
    File: C:\Users\Jeff\Projects\TeamQ\Tools\Mercury Particle Editor\EffectLibrary\SimpleRain.xml
    File: C:\Users\Jeff\Projects\TeamQ\Tools\Mercury Particle Editor\EffectLibrary\StarTrail.xml
    File: C:\Users\Jeff\Projects\TeamQ\Tools\Mercury Particle Editor\EffectLibrary\WaterJet.xml
UI: User requires deserialize of particle effect...
    Filepath:C:\Users\Jeff\Projects\TeamQ\TeamQContent\Attach.xml
CORE: Deserializing particle effect from C:\Users\Jeff\Projects\TeamQ\TeamQContent\Attach.xml
    Using plugin: Default Effect Serializer
UI: User requires options window...
UI: User changes background color...
UI: User requires deserialize of particle effect...
    Filepath:C:\Users\Jeff\Projects\TeamQ\TeamQContent\BlackHole.xml
CORE: Deserializing particle effect from C:\Users\Jeff\Projects\TeamQ\TeamQContent\BlackHole.xml
    Using plugin: Default Effect Serializer
UI: User requires deserialize of particle effect...
    Filepath:C:\Users\Jeff\Projects\TeamQ\TeamQContent\Explosion.xml
CORE: Deserializing particle effect from C:\Users\Jeff\Projects\TeamQ\TeamQContent\Explosion.xml
    Using plugin: Default Effect Serializer
UI: User requires serialize of particle effect...
    Filepath: C:\Users\Jeff\Projects\TeamQ\TeamQContent\Explosion.xml
CORE: Serializing particle effect to C:\Users\Jeff\Projects\TeamQ\TeamQContent\Explosion.xml
    Using plugin: Default Effect Serializer
UI: User requires deserialize of particle effect...
    Filepath:C:\Users\Jeff\Projects\TeamQ\TeamQContent\Thruster.xml
CORE: Deserializing particle effect from C:\Users\Jeff\Projects\TeamQ\TeamQContent\Thruster.xml
    Using plugin: Default Effect Serializer
CORE: Disposing program core...
CORE: Disposing program core...
